Temp/gradleOut/unityLibrary/build/intermediates/manifest_merge_blame_file/release/manifest-merger-blame-release-report.txt
1<?xml version="1.0" encoding="utf-8"?>
2<manifest xmlns:android="http://schemas.android.com/apk/res/android"
3    xmlns:tools="http://schemas.android.com/tools"
4    package="com.unity3d.player" >
5
6    <uses-sdk
7        android:minSdkVersion="24"
7-->src/main/AndroidManifest.xml
8        android:targetSdkVersion="30" />
8-->src/main/AndroidManifest.xml
9
10    <uses-feature android:glEsVersion="0x00030000" />
10-->src/main/AndroidManifest.xml:18:3-52
10-->src/main/AndroidManifest.xml:18:17-49
11
12    <uses-permission android:name="android.permission.INTERNET" />
12-->src/main/AndroidManifest.xml:19:3-65
12-->src/main/AndroidManifest.xml:19:20-62
13
14    <uses-feature
14-->src/main/AndroidManifest.xml:20:3-88
15        android:name="android.hardware.touchscreen"
15-->src/main/AndroidManifest.xml:20:17-60
16        android:required="false" />
16-->src/main/AndroidManifest.xml:20:61-85
17    <uses-feature
17-->src/main/AndroidManifest.xml:21:3-99
18        android:name="android.hardware.touchscreen.multitouch"
18-->src/main/AndroidManifest.xml:21:17-71
19        android:required="false" />
19-->src/main/AndroidManifest.xml:21:72-96
20    <uses-feature
20-->src/main/AndroidManifest.xml:22:3-108
21        android:name="android.hardware.touchscreen.multitouch.distinct"
21-->src/main/AndroidManifest.xml:22:17-80
22        android:required="false" />
22-->src/main/AndroidManifest.xml:22:81-105
23
24    <uses-permission android:name="android.permission.CAMERA" />
24-->src/main/AndroidManifest.xml:23:3-63
24-->src/main/AndroidManifest.xml:23:20-60
25
26    <uses-feature
26-->src/main/AndroidManifest.xml:24:3-85
27        android:name="android.hardware.camera.ar"
27-->src/main/AndroidManifest.xml:24:17-58
28        android:required="true" />
28-->src/main/AndroidManifest.xml:24:59-82
29    <uses-feature
29-->src/main/AndroidManifest.xml:25:3-83
30        android:name="com.google.ar.core.depth"
30-->src/main/AndroidManifest.xml:25:17-56
31        android:required="true" />
31-->src/main/AndroidManifest.xml:25:57-80
32
33    <application>
33-->src/main/AndroidManifest.xml:2:3-17:17
34        <activity
34-->src/main/AndroidManifest.xml:3:5-10:16
35            android:name="com.unity3d.player.UnityPlayerActivity"
35-->src/main/AndroidManifest.xml:3:15-68
36            android:configChanges="mcc|mnc|locale|touchscreen|keyboard|keyboardHidden|navigation|orientation|screenLayout|uiMode|screenSize|smallestScreenSize|fontScale|layoutDirection|density"
36-->src/main/AndroidManifest.xml:3:182-363
37            android:hardwareAccelerated="false"
37-->src/main/AndroidManifest.xml:3:364-399
38            android:launchMode="singleTask"
38-->src/main/AndroidManifest.xml:3:150-181
39            android:screenOrientation="fullSensor"
39-->src/main/AndroidManifest.xml:3:111-149
40            android:theme="@style/UnityThemeSelector" >
40-->src/main/AndroidManifest.xml:3:69-110
41            <intent-filter>
41-->src/main/AndroidManifest.xml:4:7-7:23
42                <action android:name="android.intent.action.MAIN" />
42-->src/main/AndroidManifest.xml:5:9-61
42-->src/main/AndroidManifest.xml:5:17-58
43
44                <category android:name="android.intent.category.LAUNCHER" />
44-->src/main/AndroidManifest.xml:6:9-69
44-->src/main/AndroidManifest.xml:6:19-66
45            </intent-filter>
46
47            <meta-data
47-->src/main/AndroidManifest.xml:8:7-82
48                android:name="unityplayer.UnityActivity"
48-->src/main/AndroidManifest.xml:8:18-58
49                android:value="true" />
49-->src/main/AndroidManifest.xml:8:59-79
50            <meta-data
50-->src/main/AndroidManifest.xml:9:7-78
51                android:name="android.notch_support"
51-->src/main/AndroidManifest.xml:9:18-54
52                android:value="true" />
52-->src/main/AndroidManifest.xml:9:55-75
53        </activity>
54
55        <meta-data
55-->src/main/AndroidManifest.xml:11:5-69
56            android:name="unity.splash-mode"
56-->src/main/AndroidManifest.xml:11:16-48
57            android:value="0" />
57-->src/main/AndroidManifest.xml:11:49-66
58        <meta-data
58-->src/main/AndroidManifest.xml:12:5-74
59            android:name="unity.splash-enable"
59-->src/main/AndroidManifest.xml:12:16-50
60            android:value="True" />
60-->src/main/AndroidManifest.xml:12:51-71
61        <meta-data
61-->src/main/AndroidManifest.xml:13:5-81
62            android:name="notch.config"
62-->src/main/AndroidManifest.xml:13:16-43
63            android:value="portrait|landscape" />
63-->src/main/AndroidManifest.xml:13:44-78
64        <meta-data
64-->src/main/AndroidManifest.xml:14:5-101
65            android:name="unity.build-id"
65-->src/main/AndroidManifest.xml:14:16-45
66            android:value="c7a13ae9-5da9-42a1-9d60-170518ca868e" />
66-->src/main/AndroidManifest.xml:14:46-98
67        <meta-data
67-->src/main/AndroidManifest.xml:15:5-88
68            android:name="unityplayer.SkipPermissionsDialog"
68-->src/main/AndroidManifest.xml:15:16-64
69            android:value="true" />
69-->src/main/AndroidManifest.xml:15:65-85
70        <meta-data
70-->src/main/AndroidManifest.xml:16:5-77
71            android:name="com.google.ar.core"
71-->src/main/AndroidManifest.xml:16:16-49
72            android:value="required" />
72-->src/main/AndroidManifest.xml:16:50-74
73    </application>
74
75</manifest>